<?xml version="1.0" encoding="UTF-8"?>
<testsuites name="TestSuiteOne" time="5" tests="1" failures="0" errors="0">
   <testsuite name="TestSuiteOne" tests="1" failures="0" errors="0" time="5" timestamp="2019-05-07 21:54:07" hostname="main - DESKTOP-8TRR29R" id="Test Suites/TestSuiteOne">
      <properties>
         <property name="deviceName" value=""/>
         <property name="devicePlatform" value=""/>
         <property name="logFolder" value="C:\\Users\\main\\Katalon Studio\\Sample SOAP API Testing Project\\Reports\\TestSuiteOne\\20190507_215406"/>
         <property name="logFiles" value="C:\\Users\\main\\Katalon Studio\\Sample SOAP API Testing Project\\Reports\\TestSuiteOne\\20190507_215406\\execution0.log"/>
         <property name="attachments" value=""/>
         <property name="hostName" value="main - DESKTOP-8TRR29R"/>
         <property name="hostAddress" value="192.168.1.47"/>
         <property name="os" value="Windows 10 64bit"/>
         <property name="katalonVersion" value="6.1.2.2"/>
      </properties>
      <testcase name="Test Cases/TesOne" classname="Test Cases/TesOne" status="PASSED">
         <system-out><![CDATA[2019-05-07 21:54:08 - [TEST_CASE][PASSED] - Test Cases/TesOne: Test Cases/TesOne

2019-05-07 21:54:08 - [TEST_STEP][PASSED] - sendRequest(findTestObject("CountryInfoSOAPService/GetCountryListByNames")): Send request successfully

2019-05-07 21:54:11 - [MESSAGE][INFO] - HAR: C:\Users\main\Katalon Studio\Sample SOAP API Testing Project\Reports\TestSuiteOne\20190507_215406\requests\main\null.har

2019-05-07 21:54:11 - [MESSAGE][PASSED] - Send request successfully

2019-05-07 21:54:11 - [TEST_STEP][PASSED] - sendRequestAndVerify(findTestObject("CountryInfoSOAPService/GetCountryListByNames")): Send request and verify the response successfully

2019-05-07 21:54:12 - [TEST_CASE][PASSED] - Start Test Case : Verification: Verification accomplished successfully

2019-05-07 21:54:12 - [TEST_STEP][PASSED] - request = getInstance().getCurrentRequest(): null

2019-05-07 21:54:12 - [TEST_STEP][PASSED] - response = getInstance().getCurrentResponse(): null

2019-05-07 21:54:12 - [TEST_STEP][PASSED] - verifyResponseStatusCode(response, 200): Verify response status code successfully

2019-05-07 21:54:12 - [MESSAGE][PASSED] - Verify response status code successfully

2019-05-07 21:54:12 - [TEST_STEP][PASSED] - getStatusCode()).isEqualTo(200): null

2019-05-07 21:54:12 - [MESSAGE][PASSED] - Verify response successfully

2019-05-07 21:54:12 - [MESSAGE][PASSED] - Send request and verify the response successfully]]></system-out>
         <system-err><![CDATA[]]></system-err>
      </testcase>
      <system-out><![CDATA[2019-05-07 21:54:07 - [TEST_SUITE][PASSED] - TestSuiteOne: Test Cases/TesOne]]></system-out>
      <system-err><![CDATA[]]></system-err>
   </testsuite>
</testsuites>
